<?xml version="1.0" encoding="UTF-8"?>
<!-- Generated by org.testng.reporters.JUnitXMLReporter -->
<testsuite hostname="ip-172-31-32-197" ignored="0" name="Default test" tests="7" failures="0" timestamp="2021-10-29T12:20:42 UTC" time="17.66" errors="0">
  <testcase name="lauchChromeTest" time="3.152" classname="com.webapp.test.group.BrowserSpecificGroupTest"/>
  <testcase name="lauchFireFoxTest" time="5.094" classname="com.webapp.test.group.BrowserSpecificGroupTest"/>
  <testcase name="testAmazonHomepage" time="0.024" classname="com.webapp.test.group.BrowserSpecificGroupTest"/>
  <testcase name="testFacebookHomePage" time="3.366" classname="com.webapp.test.group.BrowserSpecificGroupTest"/>
  <testcase name="testFacebookloginTest" time="3.786" classname="com.webapp.test.group.BrowserSpecificGroupTest"/>
  <testcase name="testHompageSource" time="0.011" classname="com.webapp.test.group.BrowserSpecificGroupTest"/>
  <testcase name="testSearch1" time="2.147" classname="com.webapp.test.group.BrowserSpecificGroupTest"/>
</testsuite> <!-- Default test -->
