<?xml version="1.0" encoding="UTF-8"?>
<!-- Generated by org.testng.reporters.JUnitXMLReporter -->
<testsuite hostname="ip-172-31-32-197" ignored="0" name="Amazon Test" tests="4" failures="0" timestamp="2021-10-29T12:24:18 UTC" time="17.685" errors="0">
  <testcase name="testAmazonHomepage" time="0.397" classname="com.webapp.test.amazon.AmazonHompageTest"/>
  <testcase name="testHompageSource" time="0.326" classname="com.webapp.test.amazon.AmazonHompageTest"/>
  <testcase name="testSearch1" time="2.718" classname="com.webapp.test.amazon.AmazonSearchTest"/>
  <testcase name="testSearch2" time="2.288" classname="com.webapp.test.amazon.AmazonSearchTest"/>
</testsuite> <!-- Amazon Test -->
