<?xml version="1.0" encoding="UTF-8"?>
<!-- Generated by org.testng.reporters.JUnitXMLReporter -->
<testsuite hostname="ip-172-31-32-197" ignored="0" name="Facebook Test" tests="2" failures="0" timestamp="2021-10-29T12:24:21 UTC" time="3.223" errors="0">
  <testcase name="testFacebookHomePage" time="0.155" classname="com.webapp.test.facebook.FacbookLoginTest"/>
  <testcase name="testFacebookloginTest" time="0.322" classname="com.webapp.test.facebook.FacbookLoginTest"/>
</testsuite> <!-- Facebook Test -->
